2017-12-12 13:17:45,263 [INFO] from application in play-dev-mode-akka.actor.default-dispatcher-6 - Creating Pool for datasource 'default'
2017-12-12 13:17:45,565 [INFO] from play.api.db.DefaultDBApi in play-dev-mode-akka.actor.default-dispatcher-6 - Database [default] connected at jdbc:h2:file:./data/productsDB
2017-12-12 13:17:46,422 [WARN] from org.hibernate.validator.messageinterpolation.ParameterMessageInterpolator in play-dev-mode-akka.actor.default-dispatcher-6 - HV000184: ParameterMessageInterpolator has been chosen, EL interpolation will not be supported
2017-12-12 13:17:46,595 [INFO] from play.api.http.EnabledFilters in play-dev-mode-akka.actor.default-dispatcher-6 - Enabled Filters (see <https://www.playframework.com/documentation/latest/Filters>):

    play.filters.csrf.CSRFFilter
    play.filters.headers.SecurityHeadersFilter
    play.filters.hosts.AllowedHostsFilter

2017-12-12 13:17:46,600 [INFO] from play.api.Play in play-dev-mode-akka.actor.default-dispatcher-6 - Application started (Dev)
2017-12-12 13:36:53,737 [INFO] from application in play-dev-mode-akka.actor.default-dispatcher-14 - Shutting down connection pool.
2017-12-12 13:36:53,922 [INFO] from application in play-dev-mode-akka.actor.default-dispatcher-14 - Creating Pool for datasource 'default'
2017-12-12 13:36:53,929 [INFO] from play.api.db.DefaultDBApi in play-dev-mode-akka.actor.default-dispatcher-14 - Database [default] connected at jdbc:h2:file:./data/productsDB
2017-12-12 13:36:54,022 [WARN] from org.hibernate.validator.messageinterpolation.ParameterMessageInterpolator in play-dev-mode-akka.actor.default-dispatcher-14 - HV000184: ParameterMessageInterpolator has been chosen, EL interpolation will not be supported
2017-12-12 13:36:54,076 [INFO] from play.api.http.EnabledFilters in play-dev-mode-akka.actor.default-dispatcher-14 - Enabled Filters (see <https://www.playframework.com/documentation/latest/Filters>):

    play.filters.csrf.CSRFFilter
    play.filters.headers.SecurityHeadersFilter
    play.filters.hosts.AllowedHostsFilter

2017-12-12 13:36:54,077 [INFO] from play.api.Play in play-dev-mode-akka.actor.default-dispatcher-14 - Application started (Dev)
2017-12-12 13:42:36,832 [INFO] from application in play-dev-mode-akka.actor.default-dispatcher-23 - Shutting down connection pool.
2017-12-12 13:42:36,957 [INFO] from application in play-dev-mode-akka.actor.default-dispatcher-23 - Creating Pool for datasource 'default'
2017-12-12 13:42:36,977 [INFO] from play.api.db.DefaultDBApi in play-dev-mode-akka.actor.default-dispatcher-23 - Database [default] connected at jdbc:h2:file:./data/productsDB
2017-12-12 13:42:37,046 [WARN] from org.hibernate.validator.messageinterpolation.ParameterMessageInterpolator in play-dev-mode-akka.actor.default-dispatcher-23 - HV000184: ParameterMessageInterpolator has been chosen, EL interpolation will not be supported
2017-12-12 13:42:37,109 [INFO] from play.api.http.EnabledFilters in play-dev-mode-akka.actor.default-dispatcher-23 - Enabled Filters (see <https://www.playframework.com/documentation/latest/Filters>):

    play.filters.csrf.CSRFFilter
    play.filters.headers.SecurityHeadersFilter
    play.filters.hosts.AllowedHostsFilter

2017-12-12 13:42:37,109 [INFO] from play.api.Play in play-dev-mode-akka.actor.default-dispatcher-23 - Application started (Dev)
2017-12-12 13:44:55,135 [INFO] from application in play-dev-mode-akka.actor.default-dispatcher-25 - Shutting down connection pool.
2017-12-12 13:44:55,265 [INFO] from application in play-dev-mode-akka.actor.default-dispatcher-25 - Creating Pool for datasource 'default'
2017-12-12 13:44:55,282 [INFO] from play.api.db.DefaultDBApi in play-dev-mode-akka.actor.default-dispatcher-25 - Database [default] connected at jdbc:h2:file:./data/productsDB
2017-12-12 13:44:55,344 [WARN] from org.hibernate.validator.messageinterpolation.ParameterMessageInterpolator in play-dev-mode-akka.actor.default-dispatcher-25 - HV000184: ParameterMessageInterpolator has been chosen, EL interpolation will not be supported
2017-12-12 13:44:55,399 [INFO] from play.api.http.EnabledFilters in play-dev-mode-akka.actor.default-dispatcher-25 - Enabled Filters (see <https://www.playframework.com/documentation/latest/Filters>):

    play.filters.csrf.CSRFFilter
    play.filters.headers.SecurityHeadersFilter
    play.filters.hosts.AllowedHostsFilter

2017-12-12 13:44:55,399 [INFO] from play.api.Play in play-dev-mode-akka.actor.default-dispatcher-25 - Application started (Dev)
2017-12-12 13:48:01,788 [INFO] from application in play-dev-mode-akka.actor.default-dispatcher-35 - Shutting down connection pool.
2017-12-12 13:48:01,924 [INFO] from application in play-dev-mode-akka.actor.default-dispatcher-35 - Creating Pool for datasource 'default'
2017-12-12 13:48:01,942 [INFO] from play.api.db.DefaultDBApi in play-dev-mode-akka.actor.default-dispatcher-35 - Database [default] connected at jdbc:h2:file:./data/productsDB
2017-12-12 13:48:02,006 [WARN] from org.hibernate.validator.messageinterpolation.ParameterMessageInterpolator in play-dev-mode-akka.actor.default-dispatcher-35 - HV000184: ParameterMessageInterpolator has been chosen, EL interpolation will not be supported
2017-12-12 13:48:02,051 [INFO] from play.api.http.EnabledFilters in play-dev-mode-akka.actor.default-dispatcher-35 - Enabled Filters (see <https://www.playframework.com/documentation/latest/Filters>):

    play.filters.csrf.CSRFFilter
    play.filters.headers.SecurityHeadersFilter
    play.filters.hosts.AllowedHostsFilter

2017-12-12 13:48:02,051 [INFO] from play.api.Play in play-dev-mode-akka.actor.default-dispatcher-35 - Application started (Dev)
2017-12-12 13:52:23,976 [INFO] from application in play-dev-mode-akka.actor.default-dispatcher-42 - Shutting down connection pool.
2017-12-12 13:52:24,063 [INFO] from application in play-dev-mode-akka.actor.default-dispatcher-42 - Creating Pool for datasource 'default'
2017-12-12 13:52:24,089 [INFO] from play.api.db.DefaultDBApi in play-dev-mode-akka.actor.default-dispatcher-42 - Database [default] connected at jdbc:h2:file:./data/productsDB
2017-12-12 13:52:24,138 [WARN] from org.hibernate.validator.messageinterpolation.ParameterMessageInterpolator in play-dev-mode-akka.actor.default-dispatcher-42 - HV000184: ParameterMessageInterpolator has been chosen, EL interpolation will not be supported
2017-12-12 13:52:24,175 [INFO] from play.api.http.EnabledFilters in play-dev-mode-akka.actor.default-dispatcher-42 - Enabled Filters (see <https://www.playframework.com/documentation/latest/Filters>):

    play.filters.csrf.CSRFFilter
    play.filters.headers.SecurityHeadersFilter
    play.filters.hosts.AllowedHostsFilter

2017-12-12 13:52:24,175 [INFO] from play.api.Play in play-dev-mode-akka.actor.default-dispatcher-42 - Application started (Dev)
